#
# A fatal error has been detected by the Java Runtime Environment:
#
#  EXCEPTION_ACCESS_VIOLATION (0xc0000005) at pc=0x0000023866b32bd0, pid=20396, tid=5296
#
# JRE version: OpenJDK Runtime Environment Temurin-21.0.9+10 (21.0.9+10) (build 21.0.9+10-LTS)
# Java VM: OpenJDK 64-Bit Server VM Temurin-21.0.9+10 (21.0.9+10-LTS, mixed mode, emulated-client, sharing, tiered, compressed oops, compressed class ptrs, g1 gc, windows-amd64)
# Problematic frame:
# v  ~BufferBlob::MethodHandles adapters 0x0000023866b32bd0
#
# No core dump will be written. Minidumps are not enabled by default on client versions of Windows
#
# If you would like to submit a bug report, please visit:
#   https://github.com/adoptium/adoptium-support/issues
#

---------------  S U M M A R Y ------------

Command Line: -XX:+ShowCodeDetailsInExceptionMessages -agentlib:jdwp=transport=dt_socket,suspend=y,address=localhost:61412 -Dcom.sun.management.jmxremote -Dcom.sun.management.jmxremote.port=51511 -Dcom.sun.management.jmxremote.authenticate=false -Dcom.sun.management.jmxremote.ssl=false -Djava.rmi.server.hostname=localhost -Dspring.jmx.enabled=true -Dmanagement.endpoints.jmx.exposure.include=* -Dspring.application.admin.enabled=true -Dspring.output.ansi.enabled=always -XX:TieredStopAtLevel=1 -Dspring.boot.project.name=Bihin -javaagent:C:\pleiades\2025-12\eclipse\configuration\org.eclipse.osgi\258\0\.cp\lib\javaagent-shaded.jar -Dfile.encoding=UTF-8 -Dstdout.encoding=UTF-8 -Dstderr.encoding=UTF-8 --module-path=C:\pleiades\2025-12\tomcat\8\lib\mysql-connector-j-9.6.0.jar com.example.demo.BihinApplication

Host: 13th Gen Intel(R) Core(TM) i5-1335U, 12 cores, 15G,  Windows 11 , 64 bit Build 26100 (10.0.26100.7920)
Time: Mon Mar 30 15:47:07 2026 elapsed time: 9214.509754 seconds (0d 2h 33m 34s)

---------------  T H R E A D  ---------------

Current thread (0x0000023877b24ab0):  JavaThread "restartedMain"        [_thread_in_Java, id=5296, stack(0x0000007984600000,0x0000007984700000) (1024K)]

Stack: [0x0000007984600000,0x0000007984700000],  sp=0x00000079846fdf08,  free space=1015k
Native frames: (J=compiled Java code, j=interpreted, Vv=VM code, C=native code)
C  0x0000023866b32bd0

The last pc belongs to _linkToSpecial (printed below).

siginfo: EXCEPTION_ACCESS_VIOLATION (0xc0000005), reading address 0xffffffffffffffff


Registers:
RAX=0x0000023866b09086, RBX=0xe0fbb62100000001, RCX=0x00000079846fdf10, RDX=0x0000000000000002
RSP=0x00000079846fdf08, RBP=0x00000079846fdf58, RSI=0x00000238775322b8, RDI=0x00000238781206d0
R8 =0x0000000000000003, R9 =0x0000023877bb0480, R10=0x00007ffb55b8d440, R11=0x0000000000000004
R12=0x0000000000000000, R13=0x00000079846fdf08, R14=0x00000079846fdf78, R15=0x0000023877b24ab0
RIP=0x0000023866b32bd0, EFLAGS=0x0000000000010202

XMM[0]=0x0000000000000000 0x0000000000000000
XMM[1]=0x0000000000000000 0x0000000000000000
XMM[2]=0x0000000000000000 0x0000000000000000
XMM[3]=0x0000000000000000 0x0000000000000000
XMM[4]=0x0000000000000000 0x0000000000000000
XMM[5]=0x0000000000000000 0x0000000000000000
XMM[6]=0x0000000000000000 0x0000000000000000
XMM[7]=0x0000000000000000 0x0000000000000000
XMM[8]=0x0000000000000000 0x0000000000000000
XMM[9]=0x0000000000000000 0x0000000000000000
XMM[10]=0x0000000000000000 0x0000000000000000
XMM[11]=0x0000000000000000 0x0000000000000000
XMM[12]=0x0000000000000000 0x0000000000000000
XMM[13]=0x0000000000000000 0x0000000000000000
XMM[14]=0x0000000000000000 0x0000000000000000
XMM[15]=0x0000000000000000 0x0000000000000000
  MXCSR=0x00001fa0


Register to memory mapping:

RAX=0x0000023866b09086 is at code_begin+3078 in an Interpreter codelet
return entry points  [0x0000023866b08480, 0x0000023866b0a298]  7704 bytes
RBX=0xe0fbb62100000001 is an unknown value
RCX=0x00000079846fdf10 is pointing into the stack for thread: 0x0000023877b24ab0
RDX=0x0000000000000002 is an unknown value
RSP=0x00000079846fdf08 is pointing into the stack for thread: 0x0000023877b24ab0
RBP=0x00000079846fdf58 is pointing into the stack for thread: 0x0000023877b24ab0
RSI=0x00000238775322b8 points into unknown readable memory: 0x88001d614b913c41 | 41 3c 91 4b 61 1d 00 88
RDI=0x00000238781206d0 points into unknown readable memory: 0x0000001800000070 | 70 00 00 00 18 00 00 00
R8 =0x0000000000000003 is an unknown value
R9 =0x0000023877bb0480 points into unknown readable memory: 0x0000001e00000003 | 03 00 00 00 1e 00 00 00
R10=0x00007ffb55b8d440 jvm.dll
R11=0x0000000000000004 is an unknown value
R12=0x0 is null
R13=0x00000079846fdf08 is pointing into the stack for thread: 0x0000023877b24ab0
R14=0x00000079846fdf78 is pointing into the stack for thread: 0x0000023877b24ab0
R15=0x0000023877b24ab0 is a thread

Top of Stack: (sp=0x00000079846fdf08)
0x00000079846fdf08:   0000023866b09086 00000079846fdf10
0x00000079846fdf18:   000002380072b987 0000000000000004
0x00000079846fdf28:   00000238000b0d70 0000000708a80728
0x00000079846fdf38:   0000000704f57210 00000238000b58b8
0x00000079846fdf48:   00000079846fdf08 00000079846fdf80
0x00000079846fdf58:   00000079846fe2f0 0000023866f42c4b
0x00000079846fdf68:   0000000707ddb010 0000000707ddb0b8
0x00000079846fdf78:   0000000707ddb070 0000000707ddadd0
0x00000079846fdf88:   00000238738f0440 00000079846fe2f0
0x00000079846fdf98:   0000023867453c8c 00000079846fb430
0x00000079846fdfa8:   00007ffb5514f0e9 0000000000000000
0x00000079846fdfb8:   0000000000000000 00000079846fbb40
0x00000079846fdfc8:   00000079846faea0 0000023877b0ae10
0x00000079846fdfd8:   000000000000000a 0000023801226400
0x00000079846fdfe8:   00007ffb5528950c 00000238738f0440
0x00000079846fdff8:   0000000704f4af70 0000000708a80728
0x00000079846fe008:   0000000707ddac98 0000000707ddac98
0x00000079846fe018:   0000000707ddadd0 0000000707ddb0a0
0x00000079846fe028:   0000000707ddae28 0000000708a80728
0x00000079846fe038:   0000000000000001 00000079846fe2f0
0x00000079846fe048:   0000023800000000 0000000000000000
0x00000079846fe058:   0000000000000000 0000000707ddb070
0x00000079846fe068:   0000023866f3ebdc 0000000000000000
0x00000079846fe078:   0000000000000000 0000000000000000
0x00000079846fe088:   0000000000000000 0000023877b24ab0
0x00000079846fe098:   0000000000000000 0000000707ddadd0
0x00000079846fe0a8:   0000000000000000 0000000707ddac98
0x00000079846fe0b8:   0000000707ddb0a0 0000000707ddadd0
0x00000079846fe0c8:   0000000000000000 0000000707ddad00
0x00000079846fe0d8:   0000023866f4216c 00000079846fe2f0
0x00000079846fe0e8:   0000023866f3b16a 0000000000000000
0x00000079846fe0f8:   0000023866e818a9 0000023877b24ab0 

Instructions: (pc=0x0000023866b32bd0)
0x0000023866b32ad0:   bf d8 05 00 00 00 74 03 ff 63 38 ff 63 50 e9 9d
0x0000023866b32ae0:   16 00 00 66 66 66 0f 1f 84 00 00 00 00 00 66 66
0x0000023866b32af0:   66 90 66 66 0f 1f 84 00 00 00 00 00 66 66 66 90
0x0000023866b32b00:   48 8b 53 08 0f b7 52 2e 48 8b 0c d4 58 5b 50 44
0x0000023866b32b10:   8b 51 08 49 bb 00 00 00 00 38 02 00 00 4d 03 d3
0x0000023866b32b20:   4c 8b 5b 10 4b 8b 9c da d0 01 00 00 48 85 db 0f
0x0000023866b32b30:   84 10 00 00 00 41 80 bf d8 05 00 00 00 74 03 ff
0x0000023866b32b40:   63 38 ff 63 50 e9 36 16 00 00 66 66 66 0f 1f 84
0x0000023866b32b50:   00 00 00 00 00 66 66 66 90 0f 1f 80 00 00 00 00
0x0000023866b32b60:   58 5b 50 8b 5b 24 48 c1 e3 03 48 8b 5b 10 48 85
0x0000023866b32b70:   db 0f 84 10 00 00 00 41 80 bf d8 05 00 00 00 74
0x0000023866b32b80:   03 ff 63 38 ff 63 50 e9 f4 15 00 00 66 66 66 0f
0x0000023866b32b90:   1f 84 00 00 00 00 00 66 66 66 90 0f 1f 44 00 00
0x0000023866b32ba0:   48 8b 53 08 0f b7 52 2e 48 8b 0c d4 58 5b 50 48
0x0000023866b32bb0:   3b 01 8b 5b 24 48 c1 e3 03 48 8b 5b 10 48 85 db
0x0000023866b32bc0:   0f 84 10 00 00 00 41 80 bf d8 05 00 00 00 74 03
0x0000023866b32bd0:   ff 63 38 ff 63 50 e9 a5 15 00 00 0f 1f 44 00 00
0x0000023866b32be0:   48 8b 53 08 0f b7 52 2e 48 8b 0c d4 58 5b 50 44
0x0000023866b32bf0:   8b 51 08 49 bb 00 00 00 00 38 02 00 00 4d 03 d3
0x0000023866b32c00:   8b 43 18 48 c1 e0 03 48 8b 40 10 48 8b 5b 10 45
0x0000023866b32c10:   8b 9a ac 00 00 00 4f 8d 9c da d0 01 00 00 4d 8d
0x0000023866b32c20:   14 da 49 8b 1b 48 3b c3 74 15 48 85 db 0f 84 32
0x0000023866b32c30:   00 00 00 49 83 c3 10 49 8b 1b 48 3b c3 75 eb 45
0x0000023866b32c40:   8b 5b 08 4b 8b 1c 1a 48 85 db 0f 84 10 00 00 00
0x0000023866b32c50:   41 80 bf d8 05 00 00 00 74 03 ff 63 38 ff 63 50
0x0000023866b32c60:   e9 1b 15 00 00 e9 16 12 00 00 f4 00 00 00 00 00
0x0000023866b32c70:   00 00 00 00 00 00 00 00 00 00 00 00 00 00 00 00
0x0000023866b32c80:   00 00 00 00 00 00 00 00 00 00 00 00 00 00 00 00
0x0000023866b32c90:   00 00 00 00 00 00 00 00 00 00 00 00 00 00 00 00
0x0000023866b32ca0:   00 00 00 00 00 00 00 00 00 00 00 00 00 00 00 00
0x0000023866b32cb0:   00 00 00 00 00 00 00 00 00 00 00 00 00 00 00 00
0x0000023866b32cc0:   00 00 00 00 00 00 00 00 00 00 00 00 00 00 00 00 


Stack slot to memory mapping:

stack at sp + 0 slots: 0x0000023866b09086 is at code_begin+3078 in an Interpreter codelet
return entry points  [0x0000023866b08480, 0x0000023866b0a298]  7704 bytes
stack at sp + 1 slots: 0x00000079846fdf10 is pointing into the stack for thread: 0x0000023877b24ab0
stack at sp + 2 slots: 0x000002380072b987 is pointing into metadata
stack at sp + 3 slots: 0x0000000000000004 is an unknown value
stack at sp + 4 slots: 0x00000238000b0d70 is pointing into metadata
stack at sp + 5 slots: 0x0000000708a80728 is an oop: java.lang.Class 
{0x0000000708a80728} - klass: 'java/lang/Class'
 - ---- fields (total size 14 words):
 - private volatile transient 'classRedefinedCount' 'I' @12  1 (0x00000001)
 - injected 'klass' 'J' @16  2439563188744 (0x00000238014c1a08)
 - injected 'array_klass' 'J' @24  0 (0x0000000000000000)
 - injected 'oop_size' 'I' @32  14 (0x0000000e)
 - injected 'static_oop_field_count' 'I' @36  0 (0x00000000)
 - private volatile transient 'cachedConstructor' 'Ljava/lang/reflect/Constructor;' @40  null (0x00000000)
 - private transient 'name' 'Ljava/lang/String;' @44  "com.example.demo.ControllerHome"{0x00000007053afc00} (0xe0a75f80)
 - private transient 'module' 'Ljava/lang/Module;' @48  a 'java/lang/Module'{0x000000070900a060} (0xe120140c)
 - private final 'classLoader' 'Ljava/lang/ClassLoader;' @52  a 'org/springframework/boot/devtools/restart/classloader/RestartClassLoader'{0x0000000709009ed0} (0xe12013da)
 - private transient 'classData' 'Ljava/lang/Object;' @56  null (0x00000000)
 - private transient 'packageName' 'Ljava/lang/String;' @60  "com.example.demo"{0x0000000705401f30} (0xe0a803e6)
 - private final 'componentType' 'Ljava/lang/Class;' @64  null (0x00000000)
 - private volatile transient 'reflectionData' 'Ljava/lang/ref/SoftReference;' @68  a 'java/lang/ref/SoftReference'{0x0000000707dd9018} (0xe0fbb203)
 - private volatile transient 'genericInfo' 'Lsun/reflect/generics/repository/ClassRepository;' @72  null (0x00000000)
 - private volatile transient 'enumConstants' '[Ljava/lang/Object;' @76  null (0x00000000)
 - private volatile transient 'enumConstantDirectory' 'Ljava/util/Map;' @80  null (0x00000000)
 - private volatile transient 'annotationData' 'Ljava/lang/Class$AnnotationData;' @84  null (0x00000000)
 - private volatile transient 'annotationType' 'Lsun/reflect/annotation/AnnotationType;' @88  null (0x00000000)
 - transient 'classValueMap' 'Ljava/lang/ClassValue$ClassValueMap;' @92  null (0x00000000)
 - injected 'protection_domain' 'Ljava/lang/Object;' @96  a 'java/security/ProtectionDomain'{0x000000070901c7e8} (0xe12038fd)
 - injected 'signers_name' 'Ljava/lang/Object;' @100  null (0x00000000)
 - injected 'source_file' 'Ljava/lang/Object;' @104  null (0x00000000)
 - injected '<init_lock>' 'Ljava/lang/Object;' @108  null (0x00000000)
 - signature: Lcom/example/demo/ControllerHome;
 - ---- static fields (0):
stack at sp + 6 slots: 0x0000000704f57210 is an oop: java.lang.Class 
{0x0000000704f57210} - klass: 'java/lang/Class'
 - ---- fields (total size 14 words):
 - private volatile transient 'classRedefinedCount' 'I' @12  0 (0x00000000)
 - injected 'klass' 'J' @16  2439542147384 (0x00000238000b0938)
 - injected 'array_klass' 'J' @24  0 (0x0000000000000000)
 - injected 'oop_size' 'I' @32  14 (0x0000000e)
 - injected 'static_oop_field_count' 'I' @36  0 (0x00000000)
 - private volatile transient 'cachedConstructor' 'Ljava/lang/reflect/Constructor;' @40  null (0x00000000)
 - private transient 'name' 'Ljava/lang/String;' @44  null (0x00000000)
 - private transient 'module' 'Ljava/lang/Module;' @48  a 'java/lang/Module'{0x0000000704f650b0} (0xe09eca16)
 - private final 'classLoader' 'Ljava/lang/ClassLoader;' @52  null (0x00000000)
 - private transient 'classData' 'Ljava/lang/Object;' @56  null (0x00000000)
 - private transient 'packageName' 'Ljava/lang/String;' @60  null (0x00000000)
 - private final 'componentType' 'Ljava/lang/Class;' @64  null (0x00000000)
 - private volatile transient 'reflectionData' 'Ljava/lang/ref/SoftReference;' @68  null (0x00000000)
 - private volatile transient 'genericInfo' 'Lsun/reflect/generics/repository/ClassRepository;' @72  null (0x00000000)
 - private volatile transient 'enumConstants' '[Ljava/lang/Object;' @76  null (0x00000000)
 - private volatile transient 'enumConstantDirectory' 'Ljava/util/Map;' @80  null (0x00000000)
 - private volatile transient 'annotationData' 'Ljava/lang/Class$AnnotationData;' @84  null (0x00000000)
 - private volatile transient 'annotationType' 'Lsun/reflect/annotation/AnnotationType;' @88  null (0x00000000)
 - transient 'classValueMap' 'Ljava/lang/ClassValue$ClassValueMap;' @92  null (0x00000000)
 - injected 'protection_domain' 'Ljava/lang/Object;' @96  null (0x00000000)
 - injected 'signers_name' 'Ljava/lang/Object;' @100  null (0x00000000)
 - injected 'source_file' 'Ljava/lang/Object;' @104  null (0x00000000)
 - injected '<init_lock>' 'Ljava/lang/Object;' @108  null (0x00000000)
 - signature: Ljava/lang/invoke/DirectMethodHandle$Holder;
 - ---- static fields (0):
stack at sp + 7 slots: {method} {0x00000238000b58c0} 'newInvokeSpecial' '(Ljava/lang/Object;)Ljava/lang/Object;' in 'java/lang/invoke/DirectMethodHandle$Holder'

MethodHandle::interpreter_entry::_linkToSpecial [0x0000023866b32b8c, 0x0000023866b32bdb] (79 bytes)
[MachCode]
  0x0000023866b32b8c: 6666 660f | 1f84 0000 | 0000 0066 | 6666 900f | 1f44 0000 | 488b 5308 | 0fb7 522e | 488b 0cd4 
  0x0000023866b32bac: 585b 5048 | 3b01 8b5b | 2448 c1e3 | 0348 8b5b | 1048 85db | 0f84 1000 | 0000 4180 | bfd8 0500 
  0x0000023866b32bcc: 0000 7403 | ff63 38ff | 6350 e9a5 | 
[/MachCode]

---------------  P R O C E S S  ---------------

Threads class SMR info:
_java_thread_list=0x00000238764819b0, length=25, elements={
0x00000238719da390, 0x00000238719dc4a0, 0x00000238719e1180, 0x00000238719e3090,
0x00000238719e98d0, 0x00000238719ed0b0, 0x00000238719ee450, 0x0000023871b13550,
0x0000023871cc11b0, 0x0000023871cc6320, 0x0000023871cc6b40, 0x00000238764db570,
0x00000238766db4c0, 0x00000238766eec80, 0x00000238766fa6f0, 0x0000023876e283f0,
0x0000023876da71d0, 0x0000023877b22350, 0x0000023877b20910, 0x0000023877b264f0,
0x0000023877b20fa0, 0x0000023877b24ab0, 0x0000023877b21630, 0x0000023877b24420,
0x0000023877b23700
}

Java Threads: ( => current thread )
  0x00000238719da390 JavaThread "Reference Handler"          daemon [_thread_blocked, id=6480, stack(0x0000007985000000,0x0000007985100000) (1024K)]
  0x00000238719dc4a0 JavaThread "Finalizer"                  daemon [_thread_blocked, id=24772, stack(0x0000007985100000,0x0000007985200000) (1024K)]
  0x00000238719e1180 JavaThread "Signal Dispatcher"          daemon [_thread_blocked, id=13580, stack(0x0000007985200000,0x0000007985300000) (1024K)]
  0x00000238719e3090 JavaThread "Attach Listener"            daemon [_thread_blocked, id=28176, stack(0x0000007985300000,0x0000007985400000) (1024K)]
  0x00000238719e98d0 JavaThread "Service Thread"             daemon [_thread_blocked, id=15040, stack(0x0000007985400000,0x0000007985500000) (1024K)]
  0x00000238719ed0b0 JavaThread "Monitor Deflation Thread"   daemon [_thread_blocked, id=5948, stack(0x0000007985500000,0x0000007985600000) (1024K)]
  0x00000238719ee450 JavaThread "C1 CompilerThread0"         daemon [_thread_blocked, id=28796, stack(0x0000007985600000,0x0000007985700000) (1024K)]
  0x0000023871b13550 JavaThread "Common-Cleaner"             daemon [_thread_blocked, id=28504, stack(0x0000007985800000,0x0000007985900000) (1024K)]
  0x0000023871cc11b0 JavaThread "JDWP Transport Listener: dt_socket" daemon [_thread_blocked, id=29952, stack(0x0000007985b00000,0x0000007985c00000) (1024K)]
  0x0000023871cc6320 JavaThread "JDWP Event Helper Thread"   daemon [_thread_blocked, id=28600, stack(0x0000007985c00000,0x0000007985d00000) (1024K)]
  0x0000023871cc6b40 JavaThread "JDWP Command Reader"        daemon [_thread_in_native, id=4236, stack(0x0000007985d00000,0x0000007985e00000) (1024K)]
  0x00000238764db570 JavaThread "Notification Thread"        daemon [_thread_blocked, id=29220, stack(0x0000007985e00000,0x0000007985f00000) (1024K)]
  0x00000238766db4c0 JavaThread "RMI TCP Accept-0"           daemon [_thread_in_native, id=20200, stack(0x0000007986800000,0x0000007986900000) (1024K)]
  0x00000238766eec80 JavaThread "RMI TCP Accept-51511"       daemon [_thread_in_native, id=20300, stack(0x0000007986900000,0x0000007986a00000) (1024K)]
  0x00000238766fa6f0 JavaThread "RMI TCP Accept-0"           daemon [_thread_in_native, id=30324, stack(0x0000007986a00000,0x0000007986b00000) (1024K)]
  0x0000023876e283f0 JavaThread "RMI Scheduler(0)"           daemon [_thread_blocked, id=1444, stack(0x0000007986e00000,0x0000007986f00000) (1024K)]
  0x0000023876da71d0 JavaThread "JMX server connection timeout 43" daemon [_thread_blocked, id=30284, stack(0x0000007987000000,0x0000007987100000) (1024K)]
  0x0000023877b22350 JavaThread "DestroyJavaVM"                     [_thread_blocked, id=11324, stack(0x0000007984800000,0x0000007984900000) (1024K)]
  0x0000023877b20910 JavaThread "RMI TCP Connection(idle)"   daemon [_thread_blocked, id=13820, stack(0x0000007986b00000,0x0000007986c00000) (1024K)]
  0x0000023877b264f0 JavaThread "mysql-cj-abandoned-connection-cleanup" daemon [_thread_blocked, id=28468, stack(0x0000007985700000,0x0000007985800000) (1024K)]
  0x0000023877b20fa0 JavaThread "Thread-1"                          [_thread_blocked, id=32076, stack(0x0000007984500000,0x0000007984600000) (1024K)]
=>0x0000023877b24ab0 JavaThread "restartedMain"                     [_thread_in_Java, id=5296, stack(0x0000007984600000,0x0000007984700000) (1024K)]
  0x0000023877b21630 JavaThread "Catalina-utility-1"                [_thread_blocked, id=19476, stack(0x0000007985a00000,0x0000007985b00000) (1024K)]
  0x0000023877b24420 JavaThread "Catalina-utility-2"                [_thread_blocked, id=25176, stack(0x0000007986c00000,0x0000007986d00000) (1024K)]
  0x0000023877b23700 JavaThread "container-0"                       [_thread_blocked, id=10928, stack(0x0000007986d00000,0x0000007986e00000) (1024K)]
Total: 25

Other Threads:
  0x00000238719bc3f0 VMThread "VM Thread"                           [id=27816, stack(0x0000007984f00000,0x0000007985000000) (1024K)]
  0x00000238719a75e0 WatcherThread "VM Periodic Task Thread"        [id=7020, stack(0x0000007984e00000,0x0000007984f00000) (1024K)]
  0x000002385e4623b0 WorkerThread "GC Thread#0"                     [id=14944, stack(0x0000007984900000,0x0000007984a00000) (1024K)]
  0x0000023876643240 WorkerThread "GC Thread#1"                     [id=10516, stack(0x0000007985f00000,0x0000007986000000) (1024K)]
  0x00000238766435e0 WorkerThread "GC Thread#2"                     [id=11620, stack(0x0000007986000000,0x0000007986100000) (1024K)]
  0x0000023876643980 WorkerThread "GC Thread#3"                     [id=25772, stack(0x0000007986100000,0x0000007986200000) (1024K)]
  0x0000023876649e10 WorkerThread "GC Thread#4"                     [id=28500, stack(0x0000007986200000,0x0000007986300000) (1024K)]
  0x000002387664a9c0 WorkerThread "GC Thread#5"                     [id=24928, stack(0x0000007986300000,0x0000007986400000) (1024K)]
  0x0000023876684050 WorkerThread "GC Thread#6"                     [id=31288, stack(0x0000007986400000,0x0000007986500000) (1024K)]
  0x0000023876683cb0 WorkerThread "GC Thread#7"                     [id=28736, stack(0x0000007986500000,0x0000007986600000) (1024K)]
  0x00000238766831d0 WorkerThread "GC Thread#8"                     [id=28520, stack(0x0000007986600000,0x0000007986700000) (1024K)]
  0x00000238766843f0 WorkerThread "GC Thread#9"                     [id=31180, stack(0x0000007986700000,0x0000007986800000) (1024K)]
  0x000002385e472db0 ConcurrentGCThread "G1 Main Marker"            [id=29856, stack(0x0000007984a00000,0x0000007984b00000) (1024K)]
  0x000002385e4737c0 WorkerThread "G1 Conc#0"                       [id=17968, stack(0x0000007984b00000,0x0000007984c00000) (1024K)]
  0x0000023876682e30 WorkerThread "G1 Conc#1"                       [id=23948, stack(0x0000007987200000,0x0000007987300000) (1024K)]
  0x0000023876683570 WorkerThread "G1 Conc#2"                       [id=30468, stack(0x0000007987300000,0x0000007987400000) (1024K)]
  0x000002387187a260 ConcurrentGCThread "G1 Refine#0"               [id=25800, stack(0x0000007984c00000,0x0000007984d00000) (1024K)]
  0x000002387187ace0 ConcurrentGCThread "G1 Service"                [id=23660, stack(0x0000007984d00000,0x0000007984e00000) (1024K)]
Total: 18

Threads with active compile tasks:
Total: 0

VM state: not at safepoint (normal execution)

VM Mutex/Monitor currently owned by a thread: None

Heap address: 0x0000000704e00000, size: 4018 MB, Compressed Oops mode: Zero based, Oop shift amount: 3

CDS archive(s) mapped at: [0x0000023800000000-0x0000023800c80000-0x0000023800c80000), size 13107200, SharedBaseAddress: 0x0000023800000000, ArchiveRelocationMode: 1.
Compressed class space mapped at: 0x0000023801000000-0x0000023841000000, reserved size: 1073741824
Narrow klass base: 0x0000023800000000, Narrow klass shift: 0, Narrow klass range: 0x100000000

GC Precious Log:
 CardTable entry size: 512
 Card Set container configuration: InlinePtr #cards 4 size 8 Array Of Cards #cards 16 size 48 Howl #buckets 8 coarsen threshold 3686 Howl Bitmap #cards 512 size 80 coarsen threshold 460 Card regions per heap region 1 cards per card region 4096
 CPUs: 12 total, 12 available
 Memory: 16068M
 Large Page Support: Disabled
 NUMA Support: Disabled
 Compressed Oops: Enabled (Zero based)
 Heap Region Size: 2M
 Heap Min Capacity: 8M
 Heap Initial Capacity: 252M
 Heap Max Capacity: 4018M
 Pre-touch: Disabled
 Parallel Workers: 10
 Concurrent Workers: 3
 Concurrent Refinement Workers: 10
 Periodic GC: Disabled

Heap:
 garbage-first heap   total 69632K, used 38959K [0x0000000704e00000, 0x0000000800000000)
  region size 2048K, 12 young (24576K), 0 survivors (0K)
 Metaspace       used 42861K, committed 43904K, reserved 1114112K
  class space    used 5658K, committed 6080K, reserved 1048576K

Heap Regions: E=young(eden), S=young(survivor), O=old, HS=humongous(starts), HC=humongous(continues), CS=collection set, F=free, TAMS=top-at-mark-start, PB=parsable bottom
|   0|0x0000000704e00000, 0x0000000705000000, 0x0000000705000000|100%| O|  |TAMS 0x0000000704e00000| PB 0x0000000704e00000| Untracked 
|   1|0x0000000705000000, 0x0000000705200000, 0x0000000705200000|100%| O|  |TAMS 0x0000000705000000| PB 0x0000000705000000| Untracked 
|   2|0x0000000705200000, 0x00000007053fffd8, 0x0000000705400000| 99%| O|  |TAMS 0x0000000705200000| PB 0x0000000705200000| Untracked 
|   3|0x0000000705400000, 0x00000007055ffff8, 0x0000000705600000| 99%| O|  |TAMS 0x0000000705400000| PB 0x0000000705400000| Untracked 
|   4|0x0000000705600000, 0x00000007057fffe8, 0x0000000705800000| 99%| O|  |TAMS 0x0000000705600000| PB 0x0000000705600000| Untracked 
|   5|0x0000000705800000, 0x00000007059ff560, 0x0000000705a00000| 99%| O|  |TAMS 0x0000000705800000| PB 0x0000000705800000| Untracked 
|   6|0x0000000705a00000, 0x0000000705ad0e98, 0x0000000705c00000| 40%| O|  |TAMS 0x0000000705a00000| PB 0x0000000705a00000| Untracked 
|   7|0x0000000705c00000, 0x0000000705cf4260, 0x0000000705e00000| 47%| O|  |TAMS 0x0000000705c00000| PB 0x0000000705c00000| Untracked 
|   8|0x0000000705e00000, 0x0000000705f443b8, 0x0000000706000000| 63%| O|  |TAMS 0x0000000705e00000| PB 0x0000000705e00000| Untracked 
|   9|0x0000000706000000, 0x0000000706103318, 0x0000000706200000| 50%| O|  |TAMS 0x0000000706000000| PB 0x0000000706000000| Untracked 
|  10|0x0000000706200000, 0x0000000706200000, 0x0000000706400000|  0%| F|  |TAMS 0x0000000706200000| PB 0x0000000706200000| Untracked 
|  11|0x0000000706400000, 0x0000000706400000, 0x0000000706600000|  0%| F|  |TAMS 0x0000000706400000| PB 0x0000000706400000| Untracked 
|  12|0x0000000706600000, 0x0000000706600000, 0x0000000706800000|  0%| F|  |TAMS 0x0000000706600000| PB 0x0000000706600000| Untracked 
|  13|0x0000000706800000, 0x0000000706800000, 0x0000000706a00000|  0%| F|  |TAMS 0x0000000706800000| PB 0x0000000706800000| Untracked 
|  14|0x0000000706a00000, 0x0000000706a00000, 0x0000000706c00000|  0%| F|  |TAMS 0x0000000706a00000| PB 0x0000000706a00000| Untracked 
|  15|0x0000000706c00000, 0x0000000706c00000, 0x0000000706e00000|  0%| F|  |TAMS 0x0000000706c00000| PB 0x0000000706c00000| Untracked 
|  16|0x0000000706e00000, 0x0000000706e00000, 0x0000000707000000|  0%| F|  |TAMS 0x0000000706e00000| PB 0x0000000706e00000| Untracked 
|  17|0x0000000707000000, 0x0000000707000000, 0x0000000707200000|  0%| F|  |TAMS 0x0000000707000000| PB 0x0000000707000000| Untracked 
|  18|0x0000000707200000, 0x0000000707200000, 0x0000000707400000|  0%| F|  |TAMS 0x0000000707200000| PB 0x0000000707200000| Untracked 
|  19|0x0000000707400000, 0x0000000707400000, 0x0000000707600000|  0%| F|  |TAMS 0x0000000707400000| PB 0x0000000707400000| Untracked 
|  20|0x0000000707600000, 0x0000000707600000, 0x0000000707800000|  0%| F|  |TAMS 0x0000000707600000| PB 0x0000000707600000| Untracked 
|  21|0x0000000707800000, 0x0000000707800000, 0x0000000707a00000|  0%| F|  |TAMS 0x0000000707800000| PB 0x0000000707800000| Untracked 
|  22|0x0000000707a00000, 0x0000000707aa10e8, 0x0000000707c00000| 31%| E|  |TAMS 0x0000000707a00000| PB 0x0000000707a00000| Complete 
|  23|0x0000000707c00000, 0x0000000707e00000, 0x0000000707e00000|100%| E|CS|TAMS 0x0000000707c00000| PB 0x0000000707c00000| Complete 
|  24|0x0000000707e00000, 0x0000000708000000, 0x0000000708000000|100%| E|CS|TAMS 0x0000000707e00000| PB 0x0000000707e00000| Complete 
|  25|0x0000000708000000, 0x0000000708200000, 0x0000000708200000|100%| E|CS|TAMS 0x0000000708000000| PB 0x0000000708000000| Complete 
|  26|0x0000000708200000, 0x0000000708400000, 0x0000000708400000|100%| E|CS|TAMS 0x0000000708200000| PB 0x0000000708200000| Complete 
|  27|0x0000000708400000, 0x0000000708600000, 0x0000000708600000|100%| E|CS|TAMS 0x0000000708400000| PB 0x0000000708400000| Complete 
|  28|0x0000000708600000, 0x0000000708800000, 0x0000000708800000|100%| E|CS|TAMS 0x0000000708600000| PB 0x0000000708600000| Complete 
|  29|0x0000000708800000, 0x0000000708a00000, 0x0000000708a00000|100%| E|CS|TAMS 0x0000000708800000| PB 0x0000000708800000| Complete 
|  30|0x0000000708a00000, 0x0000000708c00000, 0x0000000708c00000|100%| E|CS|TAMS 0x0000000708a00000| PB 0x0000000708a00000| Complete 
|  31|0x0000000708c00000, 0x0000000708e00000, 0x0000000708e00000|100%| E|CS|TAMS 0x0000000708c00000| PB 0x0000000708c00000| Complete 
|  32|0x0000000708e00000, 0x0000000709000000, 0x0000000709000000|100%| E|CS|TAMS 0x0000000708e00000| PB 0x0000000708e00000| Complete 
|  33|0x0000000709000000, 0x0000000709200000, 0x0000000709200000|100%| E|CS|TAMS 0x0000000709000000| PB 0x0000000709000000| Complete 

Card table byte_map: [0x000002386a610000,0x000002386adf0000] _byte_map_base: 0x0000023866de9000

Marking Bits: (CMBitMap*) 0x000002385e4629c0
 Bits: [0x000002386adf0000, 0x000002386ecb8000)

Polling page: 0x000002385c2f0000

Metaspace:

Usage:
  Non-class:     36.33 MB used.
      Class:      5.53 MB used.
       Both:     41.86 MB used.

Virtual space:
  Non-class space:       64.00 MB reserved,      36.94 MB ( 58%) committed,  1 nodes.
      Class space:        1.00 GB reserved,       5.94 MB ( <1%) committed,  1 nodes.
             Both:        1.06 GB reserved,      42.88 MB (  4%) committed. 

Chunk freelists:
   Non-Class:  10.46 MB
       Class:  10.07 MB
        Both:  20.53 MB

MaxMetaspaceSize: unlimited
CompressedClassSpaceSize: 1.00 GB
Initial GC threshold: 21.00 MB
Current GC threshold: 71.50 MB
CDS: on
 - commit_granule_bytes: 65536.
 - commit_granule_words: 8192.
 - virtual_space_node_default_size: 8388608.
 - enlarge_chunks_in_place: 1.
 - use_allocation_guard: 0.


Internal statistics:

num_allocs_failed_limit: 3.
num_arena_births: 1042.
num_arena_deaths: 370.
num_vsnodes_births: 2.
num_vsnodes_deaths: 0.
num_space_committed: 686.
num_space_uncommitted: 0.
num_chunks_returned_to_freelist: 431.
num_chunks_taken_from_freelist: 2474.
num_chunk_merges: 114.
num_chunk_splits: 1634.
num_chunks_enlarged: 1144.
num_inconsistent_stats: 0.

CodeCache: size=49152Kb used=11352Kb max_used=11916Kb free=37799Kb
 bounds [0x0000023866b00000, 0x00000238676b0000, 0x0000023869b00000]
 total_blobs=6551, nmethods=5885, adapters=589, full_count=0
Compilation: enabled, stopped_count=0, restarted_count=0

Compilation events (20 events):
Event: 9009.766 Thread 0x00000238766e7f60 5944       1       org.apache.commons.logging.impl.Slf4jLogFactory$Slf4jLocationAwareLog::<init> (10 bytes)
Event: 9009.766 Thread 0x00000238766e7f60 nmethod 5944 0x0000023867504b10 code [0x0000023867504ca0, 0x0000023867504db8]
Event: 9009.766 Thread 0x00000238719ee450 5945       1       java.lang.reflect.Constructor::getDeclaredAnnotations (5 bytes)
Event: 9009.766 Thread 0x00000238719ee450 nmethod 5945 0x0000023867504690 code [0x0000023867504860, 0x0000023867504a10]
Event: 9009.767 Thread 0x00000238719ee450 5946   !   1       java.util.Collections$SynchronizedCollection::add (25 bytes)
Event: 9009.767 Thread 0x00000238719ee450 nmethod 5946 0x0000023867504190 code [0x0000023867504340, 0x0000023867504568]
Event: 9009.768 Thread 0x00000238766e7f60 5947       1       org.apache.catalina.core.ContainerBase::getName (5 bytes)
Event: 9009.768 Thread 0x00000238766e7f60 nmethod 5947 0x0000023867503e90 code [0x0000023867504020, 0x00000238675040f0]
Event: 9009.768 Thread 0x00000238719ee450 5948       1       org.apache.catalina.core.DefaultInstanceManager::findLifecycleCallback (122 bytes)
Event: 9009.769 Thread 0x00000238719ee450 nmethod 5948 0x0000023867502c90 code [0x0000023867502f40, 0x0000023867503948]
Event: 9009.769 Thread 0x00000238719ee450 5949       1       org.springframework.beans.factory.support.DefaultListableBeanFactory::addSingleton (115 bytes)
Event: 9009.769 Thread 0x00000238766e7f60 5950       1       org.springframework.beans.factory.support.DefaultSingletonBeanRegistry::addSingleton (100 bytes)
Event: 9009.770 Thread 0x00000238766e7f60 nmethod 5950 0x0000023867502390 code [0x00000238675025e0, 0x0000023867502a58]
Event: 9009.770 Thread 0x00000238719ee450 nmethod 5949 0x0000023867501910 code [0x0000023867501b60, 0x0000023867502088]
Event: 9009.770 Thread 0x00000238719ee450 5951       1       org.springframework.beans.factory.support.DefaultListableBeanFactory$$Lambda/0x0000023801266668::<init> (10 bytes)
Event: 9009.770 Thread 0x00000238719ee450 nmethod 5951 0x0000023867501610 code [0x00000238675017a0, 0x00000238675018b8]
Event: 9009.772 Thread 0x00000238719ee450 5952       1       org.springframework.boot.context.properties.PropertyMapper::lambda$getSource$0 (2 bytes)
Event: 9009.772 Thread 0x00000238719ee450 nmethod 5952 0x0000023867501310 code [0x00000238675014a0, 0x0000023867501548]
Event: 9009.772 Thread 0x00000238719ee450 5953       1       java.lang.reflect.Constructor::getAnnotationBytes (5 bytes)
Event: 9009.773 Thread 0x00000238719ee450 nmethod 5953 0x0000023867501010 code [0x00000238675011a0, 0x0000023867501270]

GC Heap History (20 events):
Event: 1.307 GC heap before
{Heap before GC invocations=5 (full 0):
 garbage-first heap   total 47104K, used 28462K [0x0000000704e00000, 0x0000000800000000)
  region size 2048K, 13 young (26624K), 3 survivors (6144K)
 Metaspace       used 23044K, committed 23488K, reserved 1114112K
  class space    used 3035K, committed 3200K, reserved 1048576K
}
Event: 1.311 GC heap after
{Heap after GC invocations=6 (full 0):
 garbage-first heap   total 47104K, used 10955K [0x0000000704e00000, 0x0000000800000000)
  region size 2048K, 1 young (2048K), 1 survivors (2048K)
 Metaspace       used 23044K, committed 23488K, reserved 1114112K
  class space    used 3035K, committed 3200K, reserved 1048576K
}
Event: 1.464 GC heap before
{Heap before GC invocations=6 (full 0):
 garbage-first heap   total 47104K, used 35531K [0x0000000704e00000, 0x0000000800000000)
  region size 2048K, 13 young (26624K), 1 survivors (2048K)
 Metaspace       used 24230K, committed 24704K, reserved 1114112K
  class space    used 3209K, committed 3392K, reserved 1048576K
}
Event: 1.467 GC heap after
{Heap after GC invocations=7 (full 0):
 garbage-first heap   total 153600K, used 11651K [0x0000000704e00000, 0x0000000800000000)
  region size 2048K, 2 young (4096K), 2 survivors (4096K)
 Metaspace       used 24230K, committed 24704K, reserved 1114112K
  class space    used 3209K, committed 3392K, reserved 1048576K
}
Event: 2.076 GC heap before
{Heap before GC invocations=7 (full 0):
 garbage-first heap   total 153600K, used 97667K [0x0000000704e00000, 0x0000000800000000)
  region size 2048K, 45 young (92160K), 2 survivors (4096K)
 Metaspace       used 31797K, committed 32384K, reserved 1114112K
  class space    used 4283K, committed 4544K, reserved 1048576K
}
Event: 2.082 GC heap after
{Heap after GC invocations=8 (full 0):
 garbage-first heap   total 153600K, used 16402K [0x0000000704e00000, 0x0000000800000000)
  region size 2048K, 4 young (8192K), 4 survivors (8192K)
 Metaspace       used 31797K, committed 32384K, reserved 1114112K
  class space    used 4283K, committed 4544K, reserved 1048576K
}
Event: 2.119 GC heap before
{Heap before GC invocations=8 (full 0):
 garbage-first heap   total 153600K, used 20498K [0x0000000704e00000, 0x0000000800000000)
  region size 2048K, 7 young (14336K), 4 survivors (8192K)
 Metaspace       used 32123K, committed 32640K, reserved 1114112K
  class space    used 4330K, committed 4544K, reserved 1048576K
}
Event: 2.123 GC heap after
{Heap after GC invocations=9 (full 0):
 garbage-first heap   total 153600K, used 16565K [0x0000000704e00000, 0x0000000800000000)
  region size 2048K, 3 young (6144K), 3 survivors (6144K)
 Metaspace       used 32123K, committed 32640K, reserved 1114112K
  class space    used 4330K, committed 4544K, reserved 1048576K
}
Event: 11.733 GC heap before
{Heap before GC invocations=10 (full 0):
 garbage-first heap   total 61440K, used 57525K [0x0000000704e00000, 0x0000000800000000)
  region size 2048K, 24 young (49152K), 3 survivors (6144K)
 Metaspace       used 35969K, committed 36608K, reserved 1114112K
  class space    used 4797K, committed 5056K, reserved 1048576K
}
Event: 11.738 GC heap after
{Heap after GC invocations=11 (full 0):
 garbage-first heap   total 69632K, used 18187K [0x0000000704e00000, 0x0000000800000000)
  region size 2048K, 4 young (8192K), 4 survivors (8192K)
 Metaspace       used 35969K, committed 36608K, reserved 1114112K
  class space    used 4797K, committed 5056K, reserved 1048576K
}
Event: 11.971 GC heap before
{Heap before GC invocations=11 (full 0):
 garbage-first heap   total 69632K, used 50955K [0x0000000704e00000, 0x0000000800000000)
  region size 2048K, 20 young (40960K), 4 survivors (8192K)
 Metaspace       used 41504K, committed 42112K, reserved 1114112K
  class space    used 5498K, committed 5760K, reserved 1048576K
}
Event: 11.976 GC heap after
{Heap after GC invocations=12 (full 0):
 garbage-first heap   total 69632K, used 20307K [0x0000000704e00000, 0x0000000800000000)
  region size 2048K, 3 young (6144K), 3 survivors (6144K)
 Metaspace       used 41504K, committed 42112K, reserved 1114112K
  class space    used 5498K, committed 5760K, reserved 1048576K
}
Event: 2113.322 GC heap before
{Heap before GC invocations=12 (full 0):
 garbage-first heap   total 69632K, used 55123K [0x0000000704e00000, 0x0000000800000000)
  region size 2048K, 20 young (40960K), 3 survivors (6144K)
 Metaspace       used 42230K, committed 42880K, reserved 1114112K
  class space    used 5591K, committed 5888K, reserved 1048576K
}
Event: 2113.342 GC heap after
{Heap after GC invocations=13 (full 0):
 garbage-first heap   total 83968K, used 20567K [0x0000000704e00000, 0x0000000800000000)
  region size 2048K, 2 young (4096K), 2 survivors (4096K)
 Metaspace       used 42230K, committed 42880K, reserved 1114112K
  class space    used 5591K, committed 5888K, reserved 1048576K
}
Event: 4874.980 GC heap before
{Heap before GC invocations=13 (full 0):
 garbage-first heap   total 83968K, used 65623K [0x0000000704e00000, 0x0000000800000000)
  region size 2048K, 24 young (49152K), 2 survivors (4096K)
 Metaspace       used 43032K, committed 43712K, reserved 1114112K
  class space    used 5701K, committed 6016K, reserved 1048576K
}
Event: 4874.998 GC heap after
{Heap after GC invocations=14 (full 0):
 garbage-first heap   total 83968K, used 21168K [0x0000000704e00000, 0x0000000800000000)
  region size 2048K, 2 young (4096K), 2 survivors (4096K)
 Metaspace       used 43032K, committed 43712K, reserved 1114112K
  class space    used 5701K, committed 6016K, reserved 1048576K
}
Event: 8373.693 GC heap before
{Heap before GC invocations=14 (full 0):
 garbage-first heap   total 83968K, used 66224K [0x0000000704e00000, 0x0000000800000000)
  region size 2048K, 24 young (49152K), 2 survivors (4096K)
 Metaspace       used 43034K, committed 43712K, reserved 1114112K
  class space    used 5702K, committed 6016K, reserved 1048576K
}
Event: 8373.708 GC heap after
{Heap after GC invocations=15 (full 0):
 garbage-first heap   total 83968K, used 21072K [0x0000000704e00000, 0x0000000800000000)
  region size 2048K, 1 young (2048K), 1 survivors (2048K)
 Metaspace       used 43034K, committed 43712K, reserved 1114112K
  class space    used 5702K, committed 6016K, reserved 1048576K
}
Event: 9009.520 GC heap before
{Heap before GC invocations=15 (full 0):
 garbage-first heap   total 83968K, used 31312K [0x0000000704e00000, 0x0000000800000000)
  region size 2048K, 7 young (14336K), 1 survivors (2048K)
 Metaspace       used 43130K, committed 43904K, reserved 1114112K
  class space    used 5727K, committed 6080K, reserved 1048576K
}
Event: 9009.547 GC heap after
{Heap after GC invocations=16 (full 1):
 garbage-first heap   total 69632K, used 16431K [0x0000000704e00000, 0x0000000800000000)
  region size 2048K, 0 young (0K), 0 survivors (0K)
 Metaspace       used 42765K, committed 43904K, reserved 1114112K
  class space    used 5633K, committed 6080K, reserved 1048576K
}

Dll operation events (12 events):
Event: 0.018 Loaded shared library C:\pleiades\2025-12\java\21\bin\java.dll
Event: 0.081 Loaded shared library C:\pleiades\2025-12\java\21\bin\net.dll
Event: 0.086 Loaded shared library C:\pleiades\2025-12\java\21\bin\nio.dll
Event: 0.099 Loaded shared library C:\pleiades\2025-12\java\21\bin\zip.dll
Event: 0.229 Loaded shared library C:\pleiades\2025-12\java\21\bin\zip.dll
Event: 0.231 Loaded shared library C:\pleiades\2025-12\java\21\bin\instrument.dll
Event: 0.304 Loaded shared library C:\pleiades\2025-12\java\21\bin\jimage.dll
Event: 0.336 Loaded shared library C:\pleiades\2025-12\java\21\bin\management.dll
Event: 0.342 Loaded shared library C:\pleiades\2025-12\java\21\bin\management_ext.dll
Event: 0.459 Loaded shared library C:\pleiades\2025-12\java\21\bin\verify.dll
Event: 0.520 Loaded shared library C:\pleiades\2025-12\java\21\bin\extnet.dll
Event: 1.254 Loaded shared library C:\pleiades\2025-12\java\21\bin\sunmscapi.dll

Deoptimization events (20 events):
Event: 9009.746 Thread 0x0000023877b24ab0 DEOPT PACKING pc=0x00000238672bbce4 sp=0x00000079846fe900
Event: 9009.746 Thread 0x0000023877b24ab0 DEOPT UNPACKING pc=0x0000023866b54bc2 sp=0x00000079846fdde0 mode 1
Event: 9009.772 Thread 0x0000023877b24ab0 DEOPT PACKING pc=0x000002386733ebb4 sp=0x00000079846fd6a0
Event: 9009.772 Thread 0x0000023877b24ab0 DEOPT UNPACKING pc=0x0000023866b54bc2 sp=0x00000079846fcc18 mode 1
Event: 9009.772 Thread 0x0000023877b24ab0 DEOPT PACKING pc=0x000002386733ebb4 sp=0x00000079846fd6a0
Event: 9009.772 Thread 0x0000023877b24ab0 DEOPT UNPACKING pc=0x0000023866b54bc2 sp=0x00000079846fcc18 mode 1
Event: 9009.773 Thread 0x0000023877b24ab0 DEOPT PACKING pc=0x00000238675a36ec sp=0x00000079846f9e40
Event: 9009.773 Thread 0x0000023877b24ab0 DEOPT UNPACKING pc=0x0000023866b54bc2 sp=0x00000079846f9378 mode 1
Event: 9009.773 Thread 0x0000023877b24ab0 DEOPT PACKING pc=0x00000238675a686c sp=0x00000079846f9f30
Event: 9009.773 Thread 0x0000023877b24ab0 DEOPT UNPACKING pc=0x0000023866b54bc2 sp=0x00000079846f94f0 mode 1
Event: 9009.773 Thread 0x0000023877b24ab0 DEOPT PACKING pc=0x00000238675a4f74 sp=0x00000079846fa0b0
Event: 9009.773 Thread 0x0000023877b24ab0 DEOPT UNPACKING pc=0x0000023866b54bc2 sp=0x00000079846f9670 mode 1
Event: 9009.773 Thread 0x0000023877b24ab0 DEOPT PACKING pc=0x00000238675a36ec sp=0x00000079846f9e40
Event: 9009.773 Thread 0x0000023877b24ab0 DEOPT UNPACKING pc=0x0000023866b54bc2 sp=0x00000079846f9378 mode 1
Event: 9009.773 Thread 0x0000023877b24ab0 DEOPT PACKING pc=0x00000238675a686c sp=0x00000079846f9f30
Event: 9009.773 Thread 0x0000023877b24ab0 DEOPT UNPACKING pc=0x0000023866b54bc2 sp=0x00000079846f94f0 mode 1
Event: 9009.773 Thread 0x0000023877b24ab0 DEOPT PACKING pc=0x00000238675a4f74 sp=0x00000079846fa0b0
Event: 9009.773 Thread 0x0000023877b24ab0 DEOPT UNPACKING pc=0x0000023866b54bc2 sp=0x00000079846f9670 mode 1
Event: 9214.485 Thread 0x0000023877b24ab0 DEOPT PACKING pc=0x0000023866f3e734 sp=0x00000079846fdf10
Event: 9214.485 Thread 0x0000023877b24ab0 DEOPT UNPACKING pc=0x0000023866b54bc2 sp=0x00000079846fd3c8 mode 0

Classes loaded (20 events):
Event: 3909.599 Loading class java/util/ArrayList$SubList$2
Event: 3909.601 Loading class java/util/ArrayList$SubList$2 done
Event: 3912.063 Loading class sun/net/ConnectionResetException
Event: 3912.063 Loading class sun/net/ConnectionResetException done
Event: 3912.115 Loading class sun/nio/cs/US_ASCII$Decoder
Event: 3912.118 Loading class sun/nio/cs/US_ASCII$Decoder done
Event: 8946.810 Loading class java/lang/invoke/MethodHandleImpl$CountingWrapper
Event: 8946.811 Loading class java/lang/invoke/MethodHandleImpl$CountingWrapper done
Event: 9009.501 Loading class java/util/concurrent/locks/AbstractQueuedSynchronizer$SharedNode
Event: 9009.501 Loading class java/util/concurrent/locks/AbstractQueuedSynchronizer$SharedNode done
Event: 9009.519 Loading class java/util/WeakHashMap$KeyIterator
Event: 9009.519 Loading class java/util/WeakHashMap$HashIterator
Event: 9009.519 Loading class java/util/WeakHashMap$HashIterator done
Event: 9009.519 Loading class java/util/WeakHashMap$KeyIterator done
Event: 9009.547 Loading class java/lang/ref/Finalizer$2
Event: 9009.550 Loading class java/lang/ref/Finalizer$2 done
Event: 9009.550 Loading class java/lang/ref/Finalizer$1
Event: 9009.550 Loading class java/lang/ref/Finalizer$1 done
Event: 9009.735 Loading class java/time/DurationEditor
Event: 9009.735 Loading class java/time/DurationEditor done

Classes unloaded (20 events):
Event: 9009.528 Thread 0x00000238719bc3f0 Unloading class 0x0000023801114000 'java/lang/invoke/LambdaForm$MH+0x0000023801114000'
Event: 9009.528 Thread 0x00000238719bc3f0 Unloading class 0x0000023801100000 'java/lang/invoke/LambdaForm$DMH+0x0000023801100000'
Event: 9009.528 Thread 0x00000238719bc3f0 Unloading class 0x00000238010cb800 'java/lang/invoke/LambdaForm$MH+0x00000238010cb800'
Event: 9009.528 Thread 0x00000238719bc3f0 Unloading class 0x00000238010c9800 'java/lang/invoke/LambdaForm$MH+0x00000238010c9800'
Event: 9009.528 Thread 0x00000238719bc3f0 Unloading class 0x00000238010c9400 'java/lang/invoke/LambdaForm$MH+0x00000238010c9400'
Event: 9009.528 Thread 0x00000238719bc3f0 Unloading class 0x00000238010c9000 'jdk/internal/reflect/GeneratedSerializationConstructorAccessor3'
Event: 9009.528 Thread 0x00000238719bc3f0 Unloading class 0x00000238010c8c00 'jdk/internal/reflect/GeneratedSerializationConstructorAccessor2'
Event: 9009.528 Thread 0x00000238719bc3f0 Unloading class 0x00000238010c8800 'jdk/internal/reflect/GeneratedSerializationConstructorAccessor1'
Event: 9009.528 Thread 0x00000238719bc3f0 Unloading class 0x00000238010c7800 'java/lang/invoke/LambdaForm$DMH+0x00000238010c7800'
Event: 9009.528 Thread 0x00000238719bc3f0 Unloading class 0x00000238010c7000 'java/lang/invoke/LambdaForm$DMH+0x00000238010c7000'
Event: 9009.528 Thread 0x00000238719bc3f0 Unloading class 0x00000238010c0800 'java/lang/invoke/LambdaForm$MH+0x00000238010c0800'
Event: 9009.528 Thread 0x00000238719bc3f0 Unloading class 0x00000238010c0400 'java/lang/invoke/LambdaForm$DMH+0x00000238010c0400'
Event: 9009.528 Thread 0x00000238719bc3f0 Unloading class 0x00000238010c0000 'java/lang/invoke/LambdaForm$DMH+0x00000238010c0000'
Event: 9009.528 Thread 0x00000238719bc3f0 Unloading class 0x000002380100bc00 'java/lang/invoke/LambdaForm$MH+0x000002380100bc00'
Event: 9009.528 Thread 0x00000238719bc3f0 Unloading class 0x0000023801009000 'java/lang/invoke/LambdaForm$MH+0x0000023801009000'
Event: 9009.528 Thread 0x00000238719bc3f0 Unloading class 0x0000023801008c00 'java/lang/invoke/LambdaForm$MH+0x0000023801008c00'
Event: 9009.528 Thread 0x00000238719bc3f0 Unloading class 0x0000023801005000 'java/lang/invoke/LambdaForm$MH+0x0000023801005000'
Event: 9009.528 Thread 0x00000238719bc3f0 Unloading class 0x0000023801004c00 'java/lang/invoke/LambdaForm$MH+0x0000023801004c00'
Event: 9009.528 Thread 0x00000238719bc3f0 Unloading class 0x0000023801004800 'java/lang/invoke/LambdaForm$MH+0x0000023801004800'
Event: 9009.528 Thread 0x00000238719bc3f0 Unloading class 0x0000023801004400 'java/lang/invoke/LambdaForm$MH+0x0000023801004400'

Classes redefined (3 events):
Event: 9007.797 Thread 0x00000238719bc3f0 redefined class name=com.example.demo.ControllerHome, count=1
Event: 9214.495 Thread 0x00000238719bc3f0 redefined class name=com.example.demo.ControllerHome, count=1
Event: 9214.495 Thread 0x00000238719bc3f0 redefined class name=com.example.demo.ControllerHome, count=2

Internal exceptions (20 events):
Event: 3909.596 Thread 0x00000238779a61e0 Exception <a 'java/lang/ArrayIndexOutOfBoundsException'{0x00000007083c6300}: Index -1 out of bounds for length 128> (0x00000007083c6300) 
thrown [s\src\hotspot\share\interpreter\interpreterRuntime.cpp, line 439]
Event: 3909.598 Thread 0x00000238779a61e0 Exception <a 'java/lang/NoSuchMethodError'{0x00000007083cc0d0}: 'java.lang.Object java.lang.invoke.DirectMethodHandle$Holder.invokeStatic(java.lang.Object, int, int)'> (0x00000007083cc0d0) 
thrown [s\src\hotspot\share\interpreter\linkResolver.cpp, line 773]
Event: 3912.063 Thread 0x00000238779a54c0 Exception <a 'java/io/IOException'{0x0000000708010fd0}> (0x0000000708010fd0) 
thrown [s\src\hotspot\share\prims\jni.cpp, line 520]
Event: 3912.074 Thread 0x0000023877b23070 Exception <a 'java/lang/ArrayIndexOutOfBoundsException'{0x000000070801ee60}: Index -1 out of bounds for length 128> (0x000000070801ee60) 
thrown [s\src\hotspot\share\interpreter\interpreterRuntime.cpp, line 439]
Event: 3912.106 Thread 0x0000023877b229e0 Exception <a 'java/lang/ArrayIndexOutOfBoundsException'{0x000000070805c590}: Index -1 out of bounds for length 128> (0x000000070805c590) 
thrown [s\src\hotspot\share\interpreter\interpreterRuntime.cpp, line 439]
Event: 8946.797 Thread 0x00000238779a2d60 Exception <a 'java/io/IOException'{0x000000070968cfa0}> (0x000000070968cfa0) 
thrown [s\src\hotspot\share\prims\jni.cpp, line 520]
Event: 8946.808 Thread 0x00000238779a2d60 Exception <a 'java/lang/NoSuchMethodError'{0x00000007096a32d0}: 'java.lang.Object java.lang.invoke.DirectMethodHandle$Holder.invokeStatic(java.lang.Object, int, java.lang.Object, java.lang.Object)'> (0x00000007096a32d0) 
thrown [s\src\hotspot\share\interpreter\linkResolver.cpp, line 773]
Event: 8946.809 Thread 0x00000238779a2d60 Exception <a 'java/lang/NoSuchMethodError'{0x00000007096a72e0}: 'java.lang.Object java.lang.invoke.DirectMethodHandle$Holder.invokeSpecial(java.lang.Object, java.lang.Object, int, java.lang.Object, java.lang.Object)'> (0x00000007096a72e0) 
thrown [s\src\hotspot\share\interpreter\linkResolver.cpp, line 773]
Event: 8946.809 Thread 0x00000238779a2d60 Exception <a 'java/lang/NoSuchMethodError'{0x00000007096aad30}: 'java.lang.Object java.lang.invoke.DelegatingMethodHandle$Holder.delegate(java.lang.Object, int, java.lang.Object, java.lang.Object)'> (0x00000007096aad30) 
thrown [s\src\hotspot\share\interpreter\linkResolver.cpp, line 773]
Event: 8946.813 Thread 0x00000238779a2d60 Exception <a 'java/lang/NoSuchMethodError'{0x00000007096bb140}: 'int java.lang.invoke.Invokers$Holder.linkToTargetMethod(java.lang.Object, java.lang.Object, java.lang.Object)'> (0x00000007096bb140) 
thrown [s\src\hotspot\share\interpreter\linkResolver.cpp, line 773]
Event: 9009.499 Thread 0x0000023877b20fa0 Exception <a 'java/lang/NoSuchMethodError'{0x000000070949dc78}: 'java.lang.Object java.lang.invoke.DirectMethodHandle$Holder.newInvokeSpecial(java.lang.Object, java.lang.Object, java.lang.Object, java.lang.Object, int)'> (0x000000070949dc78) 
thrown [s\src\hotspot\share\interpreter\linkResolver.cpp, line 773]
Event: 9009.499 Thread 0x0000023877b20fa0 Exception <a 'java/lang/NoSuchMethodError'{0x00000007094a1a08}: 'java.lang.Object java.lang.invoke.DirectMethodHandle$Holder.invokeSpecial(java.lang.Object, java.lang.Object, java.lang.Object, java.lang.Object, java.lang.Object, int)'> (0x00000007094a1a08) 
thrown [s\src\hotspot\share\interpreter\linkResolver.cpp, line 773]
Event: 9009.499 Thread 0x0000023877b20fa0 Exception <a 'java/lang/NoSuchMethodError'{0x00000007094a5340}: 'java.lang.Object java.lang.invoke.Invokers$Holder.linkToTargetMethod(java.lang.Object, java.lang.Object, java.lang.Object, int, java.lang.Object)'> (0x00000007094a5340) 
thrown [s\src\hotspot\share\interpreter\linkResolver.cpp, line 773]
Event: 9009.520 Thread 0x0000023876da6b40 Exception <a 'java/lang/InterruptedException'{0x00000007095c6fa0}: sleep interrupted> (0x00000007095c6fa0) 
thrown [s\src\hotspot\share\prims\jvm.cpp, line 3087]
Event: 9009.561 Thread 0x0000023877b24ab0 Exception <a 'sun/nio/fs/WindowsException'{0x00000007090e3830}> (0x00000007090e3830) 
thrown [s\src\hotspot\share\prims\jni.cpp, line 520]
Event: 9009.719 Thread 0x0000023877b24ab0 Exception <a 'java/lang/NoSuchMethodError'{0x000000070808e520}: 'void java.lang.invoke.DelegatingMethodHandle$Holder.reinvoke_L(java.lang.Object, java.lang.Object, int)'> (0x000000070808e520) 
thrown [s\src\hotspot\share\interpreter\linkResolver.cpp, line 773]
Event: 9009.750 Thread 0x0000023877b24ab0 Exception <a 'java/lang/NoSuchMethodError'{0x0000000707c357b0}: 'int java.lang.invoke.DirectMethodHandle$Holder.invokeVirtual(java.lang.Object, java.lang.Object, java.lang.Object, java.lang.Object)'> (0x0000000707c357b0) 
thrown [s\src\hotspot\share\interpreter\linkResolver.cpp, line 773]
Event: 9009.751 Thread 0x0000023877b24ab0 Exception <a 'java/lang/NoSuchMethodError'{0x0000000707c38da8}: 'int java.lang.invoke.DelegatingMethodHandle$Holder.reinvoke_L(java.lang.Object, java.lang.Object, java.lang.Object, java.lang.Object)'> (0x0000000707c38da8) 
thrown [s\src\hotspot\share\interpreter\linkResolver.cpp, line 773]
Event: 9009.757 Thread 0x0000023877b24ab0 Exception <a 'java/io/FileNotFoundException'{0x0000000707c859e0}> (0x0000000707c859e0) 
thrown [s\src\hotspot\share\prims\jni.cpp, line 520]
Event: 9009.768 Thread 0x0000023877b24ab0 Exception <a 'java/io/FileNotFoundException'{0x0000000707d77410}> (0x0000000707d77410) 
thrown [s\src\hotspot\share\prims\jni.cpp, line 520]

ZGC Phase Switch (0 events):
No events

VM Operations (20 events):
Event: 8947.393 Executing VM operation: Cleanup
Event: 8947.393 Executing VM operation: Cleanup done
Event: 9007.783 Executing VM operation: RedefineClasses
Event: 9007.821 Executing VM operation: RedefineClasses done
Event: 9009.520 Executing VM operation: G1CollectFull (System.gc())
Event: 9009.547 Executing VM operation: G1CollectFull (System.gc()) done
Event: 9010.312 Executing VM operation: get/set locals
Event: 9010.312 Executing VM operation: get/set locals done
Event: 9018.385 Executing VM operation: HandshakeAllThreads (HandshakeForDeflation)
Event: 9018.385 Executing VM operation: HandshakeAllThreads (HandshakeForDeflation) done
Event: 9018.385 Executing VM operation: RendezvousGCThreads
Event: 9018.385 Executing VM operation: RendezvousGCThreads done
Event: 9214.484 Executing VM operation: ChangeSingleStep
Event: 9214.484 Executing VM operation: ChangeSingleStep done
Event: 9214.485 Executing VM operation: ChangeSingleStep
Event: 9214.485 Executing VM operation: ChangeSingleStep done
Event: 9214.491 Executing VM operation: RedefineClasses
Event: 9214.503 Executing VM operation: RedefineClasses done
Event: 9214.504 Executing VM operation: ChangeSingleStep
Event: 9214.504 Executing VM operation: ChangeSingleStep done

Memory protections (0 events):
No events

Nmethod flushes (20 events):
Event: 9009.533 Thread 0x00000238719bc3f0 flushing  nmethod 0x00000238673f6010
Event: 9009.533 Thread 0x00000238719bc3f0 flushing  nmethod 0x000002386702d910
Event: 9009.533 Thread 0x00000238719bc3f0 flushing  nmethod 0x000002386715b410
Event: 9009.533 Thread 0x00000238719bc3f0 flushing  nmethod 0x00000238672af210
Event: 9009.533 Thread 0x00000238719bc3f0 flushing  nmethod 0x00000238673a0b90
Event: 9009.533 Thread 0x00000238719bc3f0 flushing  nmethod 0x00000238673c5090
Event: 9009.533 Thread 0x00000238719bc3f0 flushing  nmethod 0x0000023866e84990
Event: 9009.533 Thread 0x00000238719bc3f0 flushing  nmethod 0x0000023866edf990
Event: 9009.533 Thread 0x00000238719bc3f0 flushing  nmethod 0x000002386703be10
Event: 9009.533 Thread 0x00000238719bc3f0 flushing  nmethod 0x000002386730c910
Event: 9009.533 Thread 0x00000238719bc3f0 flushing  nmethod 0x0000023867359890
Event: 9009.533 Thread 0x00000238719bc3f0 flushing  nmethod 0x00000238673b8190
Event: 9009.533 Thread 0x00000238719bc3f0 flushing  nmethod 0x0000023867475910
Event: 9009.533 Thread 0x00000238719bc3f0 flushing  nmethod 0x000002386749e790
Event: 9009.533 Thread 0x00000238719bc3f0 flushing  nmethod 0x0000023866fbb810
Event: 9009.533 Thread 0x00000238719bc3f0 flushing  nmethod 0x0000023867031b10
Event: 9009.533 Thread 0x00000238719bc3f0 flushing  nmethod 0x000002386717e610
Event: 9009.533 Thread 0x00000238719bc3f0 flushing  nmethod 0x00000238671e5e10
Event: 9009.533 Thread 0x00000238719bc3f0 flushing  nmethod 0x0000023867375090
Event: 9009.533 Thread 0x00000238719bc3f0 flushing  nmethod 0x0000023867411e90

Events (20 events):
Event: 9009.511 Thread 0x00000238779a61e0 Thread exited: 0x00000238779a61e0
Event: 9009.512 Thread 0x00000238779a2d60 Thread exited: 0x00000238779a2d60
Event: 9009.512 Thread 0x00000238779a3a80 Thread exited: 0x00000238779a3a80
Event: 9009.512 Thread 0x00000238779a4110 Thread exited: 0x00000238779a4110
Event: 9009.512 Thread 0x0000023877b229e0 Thread exited: 0x0000023877b229e0
Event: 9009.512 Thread 0x0000023877b23070 Thread exited: 0x0000023877b23070
Event: 9009.512 Thread 0x00000238779a5b50 Thread exited: 0x00000238779a5b50
Event: 9009.520 Thread 0x0000023876da6b40 Thread exited: 0x0000023876da6b40
Event: 9009.520 Thread 0x0000023876da64b0 Thread exited: 0x0000023876da64b0
Event: 9009.520 Thread 0x0000023876da5e20 Thread exited: 0x0000023876da5e20
Event: 9009.550 Thread 0x0000023877b20fa0 Thread added: 0x0000023877b21630
Event: 9009.550 Thread 0x0000023877b21630 Thread exited: 0x0000023877b21630
Event: 9009.551 Thread 0x0000023877b20fa0 Thread added: 0x0000023877b24ab0
Event: 9009.579 Thread 0x00000238719ee450 Thread added: 0x00000238766e7f60
Event: 9009.607 Thread 0x0000023877b24ab0 Thread added: 0x0000023877b229e0
Event: 9009.612 Thread 0x0000023877b229e0 Thread exited: 0x0000023877b229e0
Event: 9009.768 Thread 0x0000023877b24ab0 Thread added: 0x0000023877b21630
Event: 9009.768 Thread 0x0000023877b24ab0 Thread added: 0x0000023877b24420
Event: 9009.768 Thread 0x0000023877b24ab0 Thread added: 0x0000023877b23700
Event: 9014.774 Thread 0x00000238766e7f60 Thread exited: 0x00000238766e7f60


Dynamic libraries:
0x00007ff6919a0000 - 0x00007ff6919ae000 	C:\pleiades\2025-12\java\21\bin\javaw.exe
0x00007ffbbcca0000 - 0x00007ffbbcf07000 	C:\Windows\SYSTEM32\ntdll.dll
0x00007ffb85760000 - 0x00007ffb85780000 	C:\Program Files\Norton\Suite\aswhook.dll
0x00007ffbbb050000 - 0x00007ffbbb119000 	C:\Windows\System32\KERNEL32.DLL
0x00007ffbb97a0000 - 0x00007ffbb9b91000 	C:\Windows\System32\KERNELBASE.dll
0x00007ffbb9d10000 - 0x00007ffbb9e5b000 	C:\Windows\System32\ucrtbase.dll
0x00007ffba8640000 - 0x00007ffba8658000 	C:\pleiades\2025-12\java\21\bin\jli.dll
0x00007ffbbb180000 - 0x00007ffbbb345000 	C:\Windows\System32\USER32.dll
0x00007ffb68ad0000 - 0x00007ffb68aee000 	C:\pleiades\2025-12\java\21\bin\VCRUNTIME140.dll
0x00007ffbb9770000 - 0x00007ffbb9797000 	C:\Windows\System32\win32u.dll
0x00007ffbbaf90000 - 0x00007ffbbafbb000 	C:\Windows\System32\GDI32.dll
0x00007ffbb9580000 - 0x00007ffbb96ab000 	C:\Windows\System32\gdi32full.dll
0x00007ffbba900000 - 0x00007ffbba9a3000 	C:\Windows\System32\msvcp_win.dll
0x00007ffb96c10000 - 0x00007ffb96ea3000 	C:\Windows\WinSxS\amd64_microsoft.windows.common-controls_6595b64144ccf1df_6.0.26100.8037_none_3e092faae333b53b\COMCTL32.dll
0x00007ffbbab60000 - 0x00007ffbbac09000 	C:\Windows\System32\msvcrt.dll
0x00007ffbbcc20000 - 0x00007ffbbcc51000 	C:\Windows\System32\IMM32.DLL
0x00007ffb86b30000 - 0x00007ffb86b3c000 	C:\pleiades\2025-12\java\21\bin\vcruntime140_1.dll
0x00007ffb5d040000 - 0x00007ffb5d0cd000 	C:\pleiades\2025-12\java\21\bin\msvcp140.dll
0x00007ffb54ec0000 - 0x00007ffb55c60000 	C:\pleiades\2025-12\java\21\bin\server\jvm.dll
0x00007ffbbbc70000 - 0x00007ffbbbd2b000 	C:\Windows\System32\ADVAPI32.dll
0x00007ffbbaee0000 - 0x00007ffbbaf87000 	C:\Windows\System32\sechost.dll
0x00007ffbbaa40000 - 0x00007ffbbab58000 	C:\Windows\System32\RPCRT4.dll
0x00007ffbbbd30000 - 0x00007ffbbbda4000 	C:\Windows\System32\WS2_32.dll
0x00007ffbb93e0000 - 0x00007ffbb943e000 	C:\Windows\SYSTEM32\POWRPROF.dll
0x00007ffbb0cd0000 - 0x00007ffbb0d05000 	C:\Windows\SYSTEM32\WINMM.dll
0x00007ffba98a0000 - 0x00007ffba98ab000 	C:\Windows\SYSTEM32\VERSION.dll
0x00007ffbb93c0000 - 0x00007ffbb93d4000 	C:\Windows\SYSTEM32\UMPDC.dll
0x00007ffbb81a0000 - 0x00007ffbb81bb000 	C:\Windows\SYSTEM32\kernel.appcore.dll
0x00007ffba96d0000 - 0x00007ffba96da000 	C:\pleiades\2025-12\java\21\bin\jimage.dll
0x00007ffbb70c0000 - 0x00007ffbb7302000 	C:\Windows\SYSTEM32\DBGHELP.DLL
0x00007ffbbc120000 - 0x00007ffbbc4a2000 	C:\Windows\System32\combase.dll
0x00007ffbbb350000 - 0x00007ffbbb427000 	C:\Windows\System32\OLEAUT32.dll
0x00007ffba7790000 - 0x00007ffba77cb000 	C:\Windows\SYSTEM32\dbgcore.DLL
0x00007ffbb9fe0000 - 0x00007ffbba085000 	C:\Windows\System32\bcryptPrimitives.dll
0x00007ffb9a3e0000 - 0x00007ffb9a41c000 	C:\pleiades\2025-12\java\21\bin\jdwp.dll
0x00007ffba96c0000 - 0x00007ffba96cf000 	C:\pleiades\2025-12\java\21\bin\instrument.dll
0x00007ffba96a0000 - 0x00007ffba96c0000 	C:\pleiades\2025-12\java\21\bin\java.dll
0x00007ffbbb440000 - 0x00007ffbbbb9f000 	C:\Windows\System32\SHELL32.dll
0x00007ffbb9ba0000 - 0x00007ffbb9d0a000 	C:\Windows\System32\wintypes.dll
0x00007ffbba090000 - 0x00007ffbba8f4000 	C:\Windows\System32\windows.storage.dll
0x00007ffbbc020000 - 0x00007ffbbc117000 	C:\Windows\System32\SHCORE.dll
0x00007ffbbae70000 - 0x00007ffbbaed7000 	C:\Windows\System32\shlwapi.dll
0x00007ffbb94a0000 - 0x00007ffbb94c9000 	C:\Windows\SYSTEM32\profapi.dll
0x00007ffba8630000 - 0x00007ffba8640000 	C:\pleiades\2025-12\java\21\bin\net.dll
0x00007ffbb81c0000 - 0x00007ffbb82e7000 	C:\Windows\SYSTEM32\WINHTTP.dll
0x00007ffbb8820000 - 0x00007ffbb888b000 	C:\Windows\system32\mswsock.dll
0x00007ffb68af0000 - 0x00007ffb68b06000 	C:\pleiades\2025-12\java\21\bin\nio.dll
0x00007ffb68c20000 - 0x00007ffb68c38000 	C:\pleiades\2025-12\java\21\bin\zip.dll
0x00007ffbb45f0000 - 0x00007ffbb45fc000 	C:\pleiades\2025-12\java\21\bin\dt_socket.dll
0x00007ffbb7910000 - 0x00007ffbb7943000 	C:\Windows\SYSTEM32\IPHLPAPI.DLL
0x00007ffbb7950000 - 0x00007ffbb7a7a000 	C:\Windows\SYSTEM32\DNSAPI.dll
0x00007ffbbbf10000 - 0x00007ffbbbf1a000 	C:\Windows\System32\NSI.dll
0x00007ffbb0be0000 - 0x00007ffbb0beb000 	C:\Windows\System32\rasadhlp.dll
0x00007ffbb3140000 - 0x00007ffbb31c6000 	C:\Windows\System32\fwpuclnt.dll
0x00007ffba1b50000 - 0x00007ffba1b5a000 	C:\pleiades\2025-12\java\21\bin\management.dll
0x00007ffba1b40000 - 0x00007ffba1b4c000 	C:\pleiades\2025-12\java\21\bin\management_ext.dll
0x00007ffbbb170000 - 0x00007ffbbb178000 	C:\Windows\System32\PSAPI.DLL
0x00007ffb97200000 - 0x00007ffb97218000 	C:\Windows\system32\napinsp.dll
0x00007ffb971e0000 - 0x00007ffb971f2000 	C:\Windows\System32\winrnr.dll
0x00007ffb971b0000 - 0x00007ffb971d2000 	C:\Windows\system32\nlansp_c.dll
0x00007ffbaa6e0000 - 0x00007ffbaa6f6000 	C:\Windows\system32\wshbth.dll
0x00007ffba8450000 - 0x00007ffba8460000 	C:\pleiades\2025-12\java\21\bin\verify.dll
0x00007ffbb8c20000 - 0x00007ffbb8c3b000 	C:\Windows\SYSTEM32\CRYPTSP.dll
0x00007ffbb8100000 - 0x00007ffbb8139000 	C:\Windows\system32\rsaenh.dll
0x00007ffbb88d0000 - 0x00007ffbb8902000 	C:\Windows\SYSTEM32\USERENV.dll
0x00007ffbb9470000 - 0x00007ffbb949a000 	C:\Windows\SYSTEM32\bcrypt.dll
0x00007ffbb8a80000 - 0x00007ffbb8a8c000 	C:\Windows\SYSTEM32\CRYPTBASE.dll
0x00007ffb86c80000 - 0x00007ffb86c89000 	C:\pleiades\2025-12\java\21\bin\extnet.dll
0x00007ffb86d30000 - 0x00007ffb86d3e000 	C:\pleiades\2025-12\java\21\bin\sunmscapi.dll
0x00007ffbb9e60000 - 0x00007ffbb9fd7000 	C:\Windows\System32\CRYPT32.dll
0x00007ffbb8d80000 - 0x00007ffbb8db0000 	C:\Windows\SYSTEM32\ncrypt.dll
0x00007ffbb8d30000 - 0x00007ffbb8d6f000 	C:\Windows\SYSTEM32\NTASN1.dll
0x00007ffb5b510000 - 0x00007ffb5b518000 	C:\Windows\system32\wshunix.dll

JVMTI agents:
jdwp path:C:\pleiades\2025-12\java\21\bin\jdwp.dll, loaded, initialized, options:transport=dt_socket,suspend=y,address=localhost:61412
C:\pleiades\2025-12\eclipse\configuration\org.eclipse.osgi\258\0\.cp\lib\javaagent-shaded.jar path:C:\pleiades\2025-12\java\21\bin\instrument.dll, loaded, initialized, instrumentlib options:none

dbghelp: loaded successfully - version: 4.0.5 - missing functions: none
symbol engine: initialized successfully - sym options: 0x614 - pdb path: .;C:\pleiades\2025-12\java\21\bin;C:\Windows\SYSTEM32;C:\Program Files\Norton\Suite;C:\Windows\WinSxS\amd64_microsoft.windows.common-controls_6595b64144ccf1df_6.0.26100.8037_none_3e092faae333b53b;C:\pleiades\2025-12\java\21\bin\server

VM Arguments:
jvm_args: -XX:+ShowCodeDetailsInExceptionMessages -agentlib:jdwp=transport=dt_socket,suspend=y,address=localhost:61412 -Dcom.sun.management.jmxremote -Dcom.sun.management.jmxremote.port=51511 -Dcom.sun.management.jmxremote.authenticate=false -Dcom.sun.management.jmxremote.ssl=false -Djava.rmi.server.hostname=localhost -Dspring.jmx.enabled=true -Dmanagement.endpoints.jmx.exposure.include=* -Dspring.application.admin.enabled=true -Dspring.output.ansi.enabled=always -XX:TieredStopAtLevel=1 -Dspring.boot.project.name=Bihin -javaagent:C:\pleiades\2025-12\eclipse\configuration\org.eclipse.osgi\258\0\.cp\lib\javaagent-shaded.jar -Dfile.encoding=UTF-8 -Dstdout.encoding=UTF-8 -Dstderr.encoding=UTF-8 --module-path=C:\pleiades\2025-12\tomcat\8\lib\mysql-connector-j-9.6.0.jar 
java_command: com.example.demo.BihinApplication
java_class_path (initial): C:\pleiades\2025-12\workspace\Bihin\target\classes;C:\Users\𨯬鍫𡢢䉀\.m2\repository\org\springframework\boot\spring-boot-starter-thymeleaf\4.0.4\spring-boot-starter-thymeleaf-4.0.4.jar;C:\Users\𨯬鍫𡢢䉀\.m2\repository\org\springframework\boot\spring-boot-starter\4.0.4\spring-boot-starter-4.0.4.jar;C:\Users\𨯬鍫𡢢䉀\.m2\repository\org\springframework\boot\spring-boot-starter-logging\4.0.4\spring-boot-starter-logging-4.0.4.jar;C:\Users\𨯬鍫𡢢䉀\.m2\repository\ch\qos\logback\logback-classic\1.5.32\logback-classic-1.5.32.jar;C:\Users\𨯬鍫𡢢䉀\.m2\repository\ch\qos\logback\logback-core\1.5.32\logback-core-1.5.32.jar;C:\Users\𨯬鍫𡢢䉀\.m2\repository\org\apache\logging\log4j\log4j-to-slf4j\2.25.3\log4j-to-slf4j-2.25.3.jar;C:\Users\𨯬鍫𡢢䉀\.m2\repository\org\apache\logging\log4j\log4j-api\2.25.3\log4j-api-2.25.3.jar;C:\Users\𨯬鍫𡢢䉀\.m2\repository\org\slf4j\jul-to-slf4j\2.0.17\jul-to-slf4j-2.0.17.jar;C:\Users\𨯬鍫𡢢䉀\.m2\repository\jakarta\annotation\jakarta.annotation-api\3.0.0\jakarta.annotation-api-3.0.0.jar;C:\Users\𨯬鍫𡢢䉀\.m2\repository\org\yaml\snakeyaml\2.5\snakeyaml-2.5.jar;C:\Users\𨯬鍫𡢢䉀\.m2\repository\org\springframework\boot\spring-boot-thymeleaf\4.0.4\spring-boot-thymeleaf-4.0.4.jar;C:\Users\𨯬鍫𡢢䉀\.m2\repository\org\thymeleaf\thymeleaf-spring6\3.1.3.RELEASE\thymeleaf-spring6-3.1.3.RELEASE.jar;C:\Users\𨯬鍫𡢢䉀\.m2\repository\org\thymeleaf\thymeleaf\3.1.3.RELEASE\thymeleaf-3.1.3.RELEASE.jar;C:\Users\𨯬鍫𡢢䉀\.m2\repository\org\attoparser\attoparser\2.0.7.RELEASE\attoparser-2.0.7.RELEASE.jar;C:\Users\𨯬鍫𡢢䉀\.m2\repository\org\unbescape\unbescape\1.1.6.RELEASE\unbescape-1.1.6.RELEASE.jar;C:\Users\𨯬鍫𡢢䉀\.m2\repository\org\slf4j\slf4j-api\2.0.17\slf4j-api-2.0.17.jar;C:\Users\𨯬鍫𡢢䉀\.m2\repository\org\springframework\spring-web\7.0.6\spring-web-7.0.6.jar;C:\Users\𨯬鍫𡢢䉀\.m2\repository\org\springframework\spring-beans\7.0.6\spring-beans-7.0.6.jar;C:\Users\𨯬鍫𡢢䉀\.m2\repository\io\micrometer\micrometer-observation\1.16.4\micrometer-observation-1.16.4.jar;C:\Users\𨯬鍫𡢢䉀\.m2\repository\io\micrometer\micrometer-commons\1.16.4\micrometer-commons-1.16.4.jar;C:\Users\𨯬鍫𡢢䉀\.m2\repository\org\springframework\boot\spring-boot-starter-webmvc\4.0.4\spring-boot-starter-webmvc-4.0.4.jar;C:\Users\𨯬鍫𡢢䉀\.m2\repository\org\springframework\boot\spring-boot-starter-jackson\4.0.4\spring-boot-starter-jackson-4.0.4.jar;C:\Users\𨯬鍫𡢢䉀\.m2\repository\org\springframework\boot\spring-boot-jackson\4.0.4\spring-boot-jackson-4.0.4.jar;C:\Users\𨯬鍫𡢢䉀\.m2\repository\tools\jackson\core\jackson-databind\3.1.0\jackson-databind-3.1.0.jar;C:\Users\𨯬鍫𡢢䉀\.m2\repository\com\fasterxml\jackson\core\jackson-annotations\2.21\jackson-annotations-2.21.jar;C:\Users\𨯬鍫𡢢䉀\.m2\repository\tools\jackson\core\jackson-core\3.1.0\jackson-core-3.1.0.jar;C:\Users\𨯬鍫𡢢䉀\.m2\repository\org\springframework\boot\spring-boot-starter-tomcat\4.0.4\spring-boot-starter-tomcat-4.0.4.jar;C:\Users\𨯬鍫𡢢䉀\.m2\repository\org\springframework\boot\spring-boot-starter-tomcat-runtime\4.0.4\spring-boot-starter-tomcat-runtime-4.0.4.jar;C:\Users\𨯬鍫𡢢䉀\.m2\repository\org\apache\tomcat\embed\tomcat-embed-core\11.0.18\tomcat-embed-core-11.0.18.jar;C:\Users\𨯬鍫𡢢䉀\.m2\repository\org\apache\tomcat\embed\tomcat-embed-el\11.0.18\tomcat-embed-el-11.0.18.jar;C:\Users\𨯬鍫𡢢䉀\.m2\repository\org\apache\tomcat\embed\tomcat-embed-websocket\11.0.18\tomcat-embed-websocket-11.0.18.jar;C:\Users\𨯬鍫𡢢䉀\.m2\repository\org\springframework\boot\spring-boot-tomcat\4.0.4\spring-boot-tomcat-4.0.4.jar;C:\Users\𨯬鍫𡢢䉀\.m2\repository\org\springframework\boot\spring-boot-http-converter\4.0.4\spring-boot-http-converter-4.0.4.jar;C:\Users\𨯬鍫𡢢䉀\.m2\repository\org\springframework\boot\spring-boot-webmvc\4.0.4\spring-boot-webmvc-4.0.4.jar;C:\Users\𨯬鍫𡢢䉀\.m2\repository\org\springframework\boot\spring-boot-servlet\4.0.4\spring-boot-servlet-4.0.4.jar;C:\Users\𨯬鍫𡢢䉀\.m2\repository\org\springframework\spring-webmvc\7.0.6\spring-webmvc-7.0.6.jar;C:\Users\𨯬鍫𡢢䉀\.m2\repository\org\springframework\spring-aop\7.0.6\spring-aop-7.0.6.jar;C:\Users\𨯬鍫𡢢䉀\.m2\repository\org\springframework\spring-expression\7.0.6\spring-expression-7.0.6.jar;C:\Users\𨯬鍫𡢢䉀\.m2\repository\org\springframework\boot\spring-boot-devtools\4.0.4\spring-boot-devtools-4.0.4.jar;C:\Users\𨯬鍫𡢢䉀\.m2\repository\org\springframework\boot\spring-boot\4.0.4\spring-boot-4.0.4.jar;C:\Users\𨯬鍫𡢢䉀\.m2\repository\org\springframework\spring-core\7.0.6\spring-core-7.0.6.jar;C:\Users\𨯬鍫𡢢䉀\.m2\repository\commons-logging\commons-logging\1.3.6\commons-logging-1.3.6.jar;C:\Users\𨯬鍫𡢢䉀\.m2\repository\org\jspecify\jspecify\1.0.0\jspecify-1.0.0.jar;C:\Users\𨯬鍫𡢢䉀\.m2\repository\org\springframework\spring-context\7.0.6\spring-context-7.0.6.jar;C:\Users\𨯬鍫𡢢䉀\.m2\repository\org\springframework\boot\spring-boot-autoconfigure\4.0.4\spring-boot-autoconfigure-4.0.4.jar;C:\Users\𨯬鍫𡢢䉀\.m2\repository\org\projectlombok\lombok\1.18.44\lombok-1.18.44.jar;C:\Users\𨯬鍫𡢢䉀\.m2\repository\org\springframework\boot\spring-boot-web-server\4.0.4\spring-boot-web-server-4.0.4.jar
Launcher Type: SUN_STANDARD

[Global flags]
     intx CICompilerCount                          = 4                                         {product} {ergonomic}
     uint ConcGCThreads                            = 3                                         {product} {ergonomic}
     uint G1ConcRefinementThreads                  = 10                                        {product} {ergonomic}
   size_t G1HeapRegionSize                         = 2097152                                   {product} {ergonomic}
    uintx GCDrainStackTargetSize                   = 64                                        {product} {ergonomic}
   size_t InitialHeapSize                          = 264241152                                 {product} {ergonomic}
     bool ManagementServer                         = true                                      {product} {command line}
   size_t MarkStackSize                            = 4194304                                   {product} {ergonomic}
   size_t MaxHeapSize                              = 4213178368                                {product} {ergonomic}
   size_t MaxNewSize                               = 2527068160                                {product} {ergonomic}
   size_t MinHeapDeltaBytes                        = 2097152                                   {product} {ergonomic}
   size_t MinHeapSize                              = 8388608                                   {product} {ergonomic}
    uintx NonNMethodCodeHeapSize                   = 4096                                   {pd product} {ergonomic}
    uintx NonProfiledCodeHeapSize                  = 0                                      {pd product} {ergonomic}
     bool ProfileInterpreter                       = false                                  {pd product} {command line}
    uintx ProfiledCodeHeapSize                     = 0                                      {pd product} {ergonomic}
     bool ShowCodeDetailsInExceptionMessages       = true                                   {manageable} {command line}
   size_t SoftMaxHeapSize                          = 4213178368                             {manageable} {ergonomic}
     intx TieredStopAtLevel                        = 1                                         {product} {command line}
     bool UseCompressedOops                        = true                           {product lp64_product} {ergonomic}
     bool UseG1GC                                  = true                                      {product} {ergonomic}
     bool UseLargePagesIndividualAllocation        = false                                  {pd product} {ergonomic}

Logging:
Log output configuration:
 #0: stdout all=warning uptime,level,tags foldmultilines=false
 #1: stderr all=off uptime,level,tags foldmultilines=false

Release file:
IMPLEMENTOR="Eclipse Adoptium" 
IMPLEMENTOR_VERSION="Temurin-21.0.9+10" 
JAVA_RUNTIME_VERSION="21.0.9+10-LTS" 
JAVA_VERSION="21.0.9" 
JAVA_VERSION_DATE="2025-10-21" 
LIBC="default" 
MODULES="java.base java.compiler java.datatransfer java.xml java.prefs java.desktop java.instrument java.logging java.management java.security.sasl java.naming java.rmi java.management.rmi java.net.http java.scripting java.security.jgss java.transaction.xa java.sql java.sql.rowset java.xml.crypto java.se java.smartcardio jdk.accessibility jdk.internal.jvmstat jdk.attach jdk.charsets jdk.internal.opt jdk.zipfs jdk.compiler jdk.crypto.ec jdk.crypto.cryptoki jdk.crypto.mscapi jdk.dynalink jdk.internal.ed jdk.editpad jdk.hotspot.agent jdk.httpserver jdk.incubator.vector jdk.internal.le jdk.internal.vm.ci jdk.internal.vm.compiler jdk.internal.vm.compiler.management jdk.jartool jdk.javadoc jdk.jcmd jdk.management jdk.management.agent jdk.jconsole jdk.jdeps jdk.jdwp.agent jdk.jdi jdk.jfr jdk.jlink jdk.jpackage jdk.jshell jdk.jsobject jdk.jstatd jdk.localedata jdk.management.jfr jdk.naming.dns jdk.naming.rmi jdk.net jdk.nio.mapmode jdk.random jdk.sctp jdk.security.auth jdk.security.jgss jdk.unsupported jdk.unsupported.desktop jdk.xml.dom" 
OS_ARCH="x86_64" 
OS_NAME="Windows" 
SOURCE=".:git:759062135b07" 
BUILD_SOURCE="git:839fa0b45d809157cffd3dc8515aad262a4a1776"
BUILD_SOURCE_REPO="https://github.com/adoptium/temurin-build.git"
SOURCE_REPO="https://github.com/adoptium/jdk21u.git"
FULL_VERSION="21.0.9+10-LTS"
SEMANTIC_VERSION="21.0.9+10"
BUILD_INFO="OS: Windows Server 2022 Version: 10.0"
JVM_VARIANT="Hotspot"
JVM_VERSION="21.0.9+10-LTS"
IMAGE_TYPE="JDK"

Environment Variables:
JAVA_HOME=C:\Program Files\Eclipse Adoptium\jdk-11.0.30.7-hotspot\
CLASSPATH=?C:\pleiades\2025-12\tomcat\8\lib\mysql-connector-j-9.6.0.jar
PATH=C:/pleiades/2025-12/java/21/bin/server;C:/pleiades/2025-12/java/21/bin;C:\Program Files\Eclipse Adoptium\jdk-11.0.30.7-hotspot\bin;C:\Windows\system32;C:\Windows;C:\Windows\System32\Wbem;C:\Windows\System32\WindowsPowerShell\v1.0\;C:\Windows\System32\OpenSSH\;C:\Program Files\dotnet\;C:\Program Files\MySQL\MySQL Server 8.0\bin;C:\Program Files\MySQL\MySQL Shell 8.0\bin\;C:\Users\𨯬鍫𡢢䉀\AppData\Local\Microsoft\WindowsApps;;C:\pleiades\2025-12\eclipse;
USERNAME=𨯬鍫𡢢䉀
OS=Windows_NT
PROCESSOR_IDENTIFIER=Intel64 Family 6 Model 186 Stepping 3, GenuineIntel
TMP=C:\Users\𨯬鍫𡢢䉀\AppData\Local\Temp
TEMP=C:\Users\𨯬鍫𡢢䉀\AppData\Local\Temp




Periodic native trim disabled

---------------  S Y S T E M  ---------------

OS:
 Windows 11 , 64 bit Build 26100 (10.0.26100.7920)
OS uptime: 0 days 12:16 hours
Hyper-V role detected

CPU: total 12 (initial active 12) (6 cores per cpu, 2 threads per core) family 6 model 186 stepping 3 microcode 0x6134, cx8, cmov, fxsr, ht, mmx, 3dnowpref, sse, sse2, sse3, ssse3, sse4.1, sse4.2, popcnt, lzcnt, tsc, tscinvbit, avx, avx2, aes, erms, clmul, bmi1, bmi2, adx, sha, fma, vzeroupper, clflush, clflushopt, clwb, hv, serialize, rdtscp, rdpid, fsrm, f16c, cet_ibt, cet_ss
Processor Information for the first 12 processors :
  Max Mhz: 1300, Current Mhz: 1300, Mhz Limit: 1300

Memory: 4k page, system-wide physical 16068M (4274M free)
TotalPageFile size 24260M (AvailPageFile size 5918M)
current process WorkingSet (physical memory assigned to process): 169M, peak: 237M
current process commit charge ("private bytes"): 232M, peak: 377M

vm_info: OpenJDK 64-Bit Server VM (21.0.9+10-LTS) for windows-amd64 JRE (21.0.9+10-LTS), built on 2025-10-21T00:00:00Z by "admin" with unknown MS VC++:1942

END.
